<?xml version="1.0" encoding="UTF-8"?>
<testsuite name="com.skorsnap.app.CoreTest" tests="16" skipped="0" failures="0" errors="0" timestamp="2026-09-01T13:07:10.102Z" hostname="vm" time="0.24">
  <properties/>
  <testcase name="duplicateLegsAreCollapsed" classname="com.skorsnap.app.CoreTest" time="0.088"/>
  <testcase name="survivesAStraySentenceBeforeTheJson" classname="com.skorsnap.app.CoreTest" time="0.031"/>
  <testcase name="probabilitiesMultiplyAcrossLegs" classname="com.skorsnap.app.CoreTest" time="0.002"/>
  <testcase name="cappedThinkingLeavesRoomForTheAnswer" classname="com.skorsnap.app.CoreTest" time="0.007"/>
  <testcase name="parsesACleanReply" classname="com.skorsnap.app.CoreTest" time="0.061"/>
  <testcase name="reportsTheGapBetweenPromisedAndDelivered" classname="com.skorsnap.app.CoreTest" time="0.012"/>
  <testcase name="refusesGarbageInsteadOfInventing" classname="com.skorsnap.app.CoreTest" time="0.001"/>
  <testcase name="precisionTightensAsResultsAccumulate" classname="com.skorsnap.app.CoreTest" time="0.006"/>
  <testcase name="onlyOffersModelsThatCanReadAScreenshot" classname="com.skorsnap.app.CoreTest" time="0.011"/>
  <testcase name="elevenFromTwelveIsNotYetEvidence" classname="com.skorsnap.app.CoreTest" time="0.002"/>
  <testcase name="pendingMatchesStayOutOfTheRecord" classname="com.skorsnap.app.CoreTest" time="0.001"/>
  <testcase name="responseSchemaCoversEveryFieldTheParserNeeds" classname="com.skorsnap.app.CoreTest" time="0.001"/>
  <testcase name="sixLegsIsTheCaseTheUserAsksFor" classname="com.skorsnap.app.CoreTest" time="0.001"/>
  <testcase name="ignoresImpossibleProbabilities" classname="com.skorsnap.app.CoreTest" time="0.001"/>
  <testcase name="putsTheUsefulModelsFirst" classname="com.skorsnap.app.CoreTest" time="0.006"/>
  <testcase name="expectedReturnDependsOnlyOnLegCount" classname="com.skorsnap.app.CoreTest" time="0.005"/>
  <system-out><![CDATA[Kalimat tambahan di luar JSON tidak merusak hasil.
4 leg @80% → 41% (1 dari 2)

Jatah output 32768, berpikir dibatasi 8192, sisa 24576 untuk jawaban.

Terbaca: Preston vs Bristol City, pilih Over 1.5 82%, impas di 1.22

Janji 75%, tembus 75% → Akurasi nyatamu kurang lebih sama dengan yang dijanjikan model. Artiny…
Janji 85%, tembus 55% → Hasilnya di bawah yang dijanjikan model. Kalau bertahan sampai 100 has…
Balasan tanpa JSON ditolak dengan pesan, bukan diam-diam dianggap kosong.

12 hasil  → ±22 poin (belum cukup)
120 hasil → ±7 poin (cukup)

Penyaring model: 5 dipertahankan, 8 disembunyikan.

11 dari 12: nyata 92%, dijanjikan 78%, sejatinya antara 65% dan 99% (±17 poin)
Vonis: Baru 12 hasil. Terlalu sedikit untuk menyimpulkan apa pun — beruntung dan pintar terlihat sama di jumlah segini.

Skema mencakup 17 field, 12 di antaranya wajib.

6 leg @75%: tembus semua 18% (1 dari 6)
   diperkirakan tembus 4.5 dari 6
   bayaran wajar 5.62, setelah margin 3.95
   imbal hasil harapan 70%
Peluang mustahil dibuang, bukan ditampilkan.
Urutan model: [gemini-3-flash, gemini-2.5-pro, gemini-2.0-flash-lite, gemini-exp-1206]

3 leg aman    : tembus 72.1%, harapan 83.9%
3 leg berisiko: tembus 17.2%, harapan 83.9%
=> peluang beda jauh, harapan identik.
]]></system-out>
  <system-err><![CDATA[]]></system-err>
</testsuite>
