<?xml version="1.0" encoding="UTF-8"?>
<testsuite name="com.skorsnap.app.CoreTest" tests="86" skipped="0" failures="0" errors="0" timestamp="2026-09-03T00:42:26.679Z" hostname="vm" time="0.328">
  <properties/>
  <testcase name="theDoubtsAreWrittenBeforeTheNumbersTheyShouldMove" classname="com.skorsnap.app.CoreTest" time="0.074"/>
  <testcase name="theAppsNumberIsTheMinimumPriceNotTheOffer" classname="com.skorsnap.app.CoreTest" time="0.005"/>
  <testcase name="theCoachStaysQuietUntilThereIsSomethingToSay" classname="com.skorsnap.app.CoreTest" time="0.009"/>
  <testcase name="oldRecordsSurviveWithoutInventingResults" classname="com.skorsnap.app.CoreTest" time="0.003"/>
  <testcase name="duplicateLegsAreCollapsed" classname="com.skorsnap.app.CoreTest" time="0.001"/>
  <testcase name="anUnreadableMatchIsLeftAlone" classname="com.skorsnap.app.CoreTest" time="0.001"/>
  <testcase name="theFocusedModeDoesNotLeakOtherMarkets" classname="com.skorsnap.app.CoreTest" time="0.009"/>
  <testcase name="aMarketWithNoPriceIsNeverChosenBlind" classname="com.skorsnap.app.CoreTest" time="0.0"/>
  <testcase name="everyTickReachesTheModelsBrief" classname="com.skorsnap.app.CoreTest" time="0.012"/>
  <testcase name="theSplitFindsTheMarketTheAverageHides" classname="com.skorsnap.app.CoreTest" time="0.005"/>
  <testcase name="aRecommendationInsideTheBandIsLeftAlone" classname="com.skorsnap.app.CoreTest" time="0.001"/>
  <testcase name="aBadlyPricedLegIsNamed" classname="com.skorsnap.app.CoreTest" time="0.0"/>
  <testcase name="theExactMarketSplitSeparatesOppositeBets" classname="com.skorsnap.app.CoreTest" time="0.001"/>
  <testcase name="derivedMarketsAgreeWithEachOther" classname="com.skorsnap.app.CoreTest" time="0.012"/>
  <testcase name="aHandPickedLegOverridesTheStrategy" classname="com.skorsnap.app.CoreTest" time="0.0"/>
  <testcase name="survivesAStraySentenceBeforeTheJson" classname="com.skorsnap.app.CoreTest" time="0.002"/>
  <testcase name="probabilitiesMultiplyAcrossLegs" classname="com.skorsnap.app.CoreTest" time="0.001"/>
  <testcase name="theChainSurvivesTheRoundTrip" classname="com.skorsnap.app.CoreTest" time="0.009"/>
  <testcase name="aMatchWithNothingSafeIsSkippedNotPadded" classname="com.skorsnap.app.CoreTest" time="0.0"/>
  <testcase name="theOmniVariantsAreFilteredOut" classname="com.skorsnap.app.CoreTest" time="0.001"/>
  <testcase name="markingInTheSafeListSettlesTheRoleItFills" classname="com.skorsnap.app.CoreTest" time="0.0"/>
  <testcase name="aThinSliceIsNotFlagged" classname="com.skorsnap.app.CoreTest" time="0.001"/>
  <testcase name="theBiggerThinkingBudgetStillLeavesRoomForTheAnswer" classname="com.skorsnap.app.CoreTest" time="0.0"/>
  <testcase name="theBriefOnlyMentionsParlaysWhenTheyAddSomething" classname="com.skorsnap.app.CoreTest" time="0.017"/>
  <testcase name="cappedThinkingLeavesRoomForTheAnswer" classname="com.skorsnap.app.CoreTest" time="0.0"/>
  <testcase name="aliasesLeadAndPreviewsTrail" classname="com.skorsnap.app.CoreTest" time="0.007"/>
  <testcase name="withoutRealPricesNeitherStrategyIsBetterValue" classname="com.skorsnap.app.CoreTest" time="0.001"/>
  <testcase name="thePromptCoversTheMarketsAsked" classname="com.skorsnap.app.CoreTest" time="0.0"/>
  <testcase name="eachStrategyTakesADifferentMarket" classname="com.skorsnap.app.CoreTest" time="0.002"/>
  <testcase name="retiredModelsHandGoogleTheirOwnReplacement" classname="com.skorsnap.app.CoreTest" time="0.001"/>
  <testcase name="theChainIsRequiredNotOptional" classname="com.skorsnap.app.CoreTest" time="0.001"/>
  <testcase name="parsesACleanReply" classname="com.skorsnap.app.CoreTest" time="0.007"/>
  <testcase name="everyGroupInThePromptIsOneTheScreenKnows" classname="com.skorsnap.app.CoreTest" time="0.006"/>
  <testcase name="reportsTheGapBetweenPromisedAndDelivered" classname="com.skorsnap.app.CoreTest" time="0.007"/>
  <testcase name="thinkingIsBoundedBeforeTheExpensiveRetry" classname="com.skorsnap.app.CoreTest" time="0.001"/>
  <testcase name="backingTheRecommendationCountsOnce" classname="com.skorsnap.app.CoreTest" time="0.0"/>
  <testcase name="marketsAreGroupedInCatalogueOrder" classname="com.skorsnap.app.CoreTest" time="0.002"/>
  <testcase name="theCoachFlagsAnOverconfidentMarketAndSaysHowMany" classname="com.skorsnap.app.CoreTest" time="0.001"/>
  <testcase name="theFirstHalfCountsAreNotHalvedTwice" classname="com.skorsnap.app.CoreTest" time="0.005"/>
  <testcase name="theModelIsToldToUseFirstHalfNumbers" classname="com.skorsnap.app.CoreTest" time="0.0"/>
  <testcase name="cornerModeGetsItsOwnCatalogue" classname="com.skorsnap.app.CoreTest" time="0.002"/>
  <testcase name="theSwapLabelDoesNotThrowOnItsOwnPercentSign" classname="com.skorsnap.app.CoreTest" time="0.006"/>
  <testcase name="ordinaryScreenshotsAreNotSliced" classname="com.skorsnap.app.CoreTest" time="0.001"/>
  <testcase name="theFocusedModeReturnsExactlyTheOnePair" classname="com.skorsnap.app.CoreTest" time="0.004"/>
  <testcase name="everyGroupIsCoveredWhateverTheModelReturns" classname="com.skorsnap.app.CoreTest" time="0.006"/>
  <testcase name="refusesGarbageInsteadOfInventing" classname="com.skorsnap.app.CoreTest" time="0.001"/>
  <testcase name="bandsCoverALongCaptureWithoutGaps" classname="com.skorsnap.app.CoreTest" time="0.001"/>
  <testcase name="theDoubtsSurviveTheRoundTrip" classname="com.skorsnap.app.CoreTest" time="0.001"/>
  <testcase name="theRecordFollowsTheBetNotTheRecommendation" classname="com.skorsnap.app.CoreTest" time="0.0"/>
  <testcase name="precisionTightensAsResultsAccumulate" classname="com.skorsnap.app.CoreTest" time="0.005"/>
  <testcase name="aRecommendationAboveTheBandIsAlsoReplaced" classname="com.skorsnap.app.CoreTest" time="0.001"/>
  <testcase name="theGridIsFittedToTheModelsOwnCall" classname="com.skorsnap.app.CoreTest" time="0.005"/>
  <testcase name="theSwapPicksTheBestPricedMarketNotTheLikeliest" classname="com.skorsnap.app.CoreTest" time="0.001"/>
  <testcase name="onlyOffersModelsThatCanReadAScreenshot" classname="com.skorsnap.app.CoreTest" time="0.001"/>
  <testcase name="theSafeListRunsHighestFirstAndExcludesTheRest" classname="com.skorsnap.app.CoreTest" time="0.001"/>
  <testcase name="higherPayingMeansHigherOddsAndLowerChance" classname="com.skorsnap.app.CoreTest" time="0.001"/>
  <testcase name="aRecommendationBelowTheBandIsReplaced" classname="com.skorsnap.app.CoreTest" time="0.002"/>
  <testcase name="structuralReasoningIsAllowedButInventedNumbersAreNot" classname="com.skorsnap.app.CoreTest" time="0.001"/>
  <testcase name="theThinkingRulesReachTheModel" classname="com.skorsnap.app.CoreTest" time="0.001"/>
  <testcase name="withNothingSafeTheAppDoesNotInventOne" classname="com.skorsnap.app.CoreTest" time="0.001"/>
  <testcase name="realPricesDecideWhetherASlipIsWorthTaking" classname="com.skorsnap.app.CoreTest" time="0.0"/>
  <testcase name="everySaveFormatStillReadsBack" classname="com.skorsnap.app.CoreTest" time="0.0"/>
  <testcase name="theComparisonRefusesToCallAWinnerTooEarly" classname="com.skorsnap.app.CoreTest" time="0.005"/>
  <testcase name="elevenFromTwelveIsNotYetEvidence" classname="com.skorsnap.app.CoreTest" time="0.002"/>
  <testcase name="oneMatchCanContributeSeveralObservations" classname="com.skorsnap.app.CoreTest" time="0.001"/>
  <testcase name="theDefaultModelIsAnAliasThatCannotRetire" classname="com.skorsnap.app.CoreTest" time="0.0"/>
  <testcase name="pendingMatchesStayOutOfTheRecord" classname="com.skorsnap.app.CoreTest" time="0.0"/>
  <testcase name="responseSchemaCoversEveryFieldTheParserNeeds" classname="com.skorsnap.app.CoreTest" time="0.001"/>
  <testcase name="theViewModelCannotHandScreensUnobservedData" classname="com.skorsnap.app.CoreTest" time="0.01"/>
  <testcase name="sixLegsIsTheCaseTheUserAsksFor" classname="com.skorsnap.app.CoreTest" time="0.001"/>
  <testcase name="theHardRulesAboutMovingTheNumberAreStated" classname="com.skorsnap.app.CoreTest" time="0.0"/>
  <testcase name="theParlayReportCountsSlipsNotLegs" classname="com.skorsnap.app.CoreTest" time="0.002"/>
  <testcase name="theParlayReportRefusesToConcludeEarly" classname="com.skorsnap.app.CoreTest" time="0.0"/>
  <testcase name="oneMatchNowAnswersTwoQuestions" classname="com.skorsnap.app.CoreTest" time="0.001"/>
  <testcase name="theModelTestLeavesRoomToActuallyAnswer" classname="com.skorsnap.app.CoreTest" time="0.0"/>
  <testcase name="ignoresImpossibleProbabilities" classname="com.skorsnap.app.CoreTest" time="0.0"/>
  <testcase name="theComparisonOnlyCountsMatchesWhereBothAreKnown" classname="com.skorsnap.app.CoreTest" time="0.0"/>
  <testcase name="putsTheUsefulModelsFirst" classname="com.skorsnap.app.CoreTest" time="0.001"/>
  <testcase name="theTwoHandicapFamiliesBothSurvive" classname="com.skorsnap.app.CoreTest" time="0.004"/>
  <testcase name="theModelsOwnNumberIsNeverOverwritten" classname="com.skorsnap.app.CoreTest" time="0.002"/>
  <testcase name="theMoneyIsCountedOnlyWhereAStakeWasEntered" classname="com.skorsnap.app.CoreTest" time="0.0"/>
  <testcase name="theShrinkageExamplesInThePromptAreArithmeticallyRight" classname="com.skorsnap.app.CoreTest" time="0.004"/>
  <testcase name="theSwapRefusesWhenNoPriceBeatsBreakEven" classname="com.skorsnap.app.CoreTest" time="0.0"/>
  <testcase name="noSourceMixesAnInterpolatedPercentWithFormat" classname="com.skorsnap.app.CoreTest" time="0.03"/>
  <testcase name="theSafeBandMatchesTheOneThePickUses" classname="com.skorsnap.app.CoreTest" time="0.0"/>
  <testcase name="expectedReturnDependsOnlyOnLegCount" classname="com.skorsnap.app.CoreTest" time="0.001"/>
  <system-out><![CDATA[
Urutan: home → away → league → readable → problem → stats_seen → stats_missing → first_read → risks → risk_side → adjustment → p…

Peluang 80% → harga minimal 1,25. Kalau Melbet bayar 1,20, itu rugi.
Di bawah 4 hasil, tidak ada yang diumpankan — tidak mengarang pola.

Catatan lama terbaca: hasil taruhan tetap, rekomendasi tidak dikarang.
Gambar tidak terbaca → tetap kosong, tidak dikarang.
Satu pasaran diminta, dua angka dikembalikan — tidak ada 51 baris.
Market yang belum diisi odds-nya tidak pernah dipilih — tak ada yang bisa dibandingkan.

CATATAN HASIL NYATA DARI APLIKASI INI (10 taruhan sudah selesai).
Keseluruhan: dijanjikan 77%, tembus 50%.
Per kelompok market (hanya yang minimal 4 data):
- Corner: dijanjikan 77%, tembus 50% dari 10 taruhan → TERLALU PERCAYA DIRI — turunkan peluangmu di kelompok ini sekitar 27 poin
Jumlah data ini masih sedikit, jadi pakai sebagai penyesuaian kecil, bukan aturan mati. Jangan mengubah pembacaanmu atas statistik di gambar hanya supaya cocok dengan catatan ini.

Total terlihat sehat: 76% lawan janji 74%
  Corner       8/10  nyata  80%  janji  76%  selisih +4 
  Over 1.5     3/6   nyata  50%  janji  74%  selisih -24 ← awasi
  Total Gol    5/5   nyata 100%  janji  72%  selisih +28 ← awasi
Yang sudah di rentang aman tidak diutak-atik — walau ada yang lebih tinggi.
Leg dengan harga di bawah minimal ditunjuk satu per satu.
Kelompok 'Total Gol' 50%, tapi Over 1.5 0/3 dan Under 3.5 3/3 — beda jauh.
Pasangan berjumlah 1,0; DC tidak pernah di bawah komponennya.
Ganti satu leg tidak mengubah leg lainnya.
Kalimat tambahan di luar JSON tidak merusak hasil.
4 leg @80% → 41% (1 dari 2)

Kesan awal 72% → digeser → Under 4.5 → dipakai 58%.
Laga tanpa market di rentang aman dilewati, slip tidak ditambal lemparan koin.
Model omni disaring — dulu muncul di daftar lalu selalu gagal 400.

Tandai 'Under 11.5' di daftar aman → rekomendasi otomatis tercatat tembus.
Berpikir 16384 token, sisa 32768 untuk jawabannya.

Parlay: 8 slip selesai, tembus 0, perkalian peluang memperkirakan 5.8. Parlay lebih sering gagal daripada perkalian peluangnya — tanda leg-leg itu saling terkait. Hindari memilih market yang bergerak bersamaan dalam satu laga.

Jatah output 49152, berpikir dibatasi 16384, sisa 32768 untuk jawaban.
Urutan model: [gemini-flash-latest, gemini-3.7-flash, gemini-3.5-flash-lite, gemini-3-flash-preview, gemini-2.5-flash]
Tanpa odds asli, harapan keduanya identik 83.9% — bayaran naik bukan nilai naik.
Katalog match dan corner lengkap.

Rekomendasi & paling aman → Over 1.5; bayaran lebih tinggi → BTTS.
404 'sudah pensiun' → otomatis pindah ke gemini-3.6-flash, bukan gagal total.
Empat langkah penalaran wajib diisi, bukan opsional.

Terbaca: Preston vs Bristol City, pilih Over 1.5 82%, impas di 1.22

Grup di prompt: [Corner, Corner Babak 1, Corner per Tim, Double Chance, Handicap Asia, Handicap Eropa, Hasil Akhir, Kombinasi Hasil + Total, Total Babak 1, Total Gol, Total per Tim]

Janji 75%, tembus 75% → Akurasi nyatamu kurang lebih sama dengan yang dijanjikan model. Artiny…
Janji 85%, tembus 55% → Hasilnya di bawah yang dijanjikan model. Kalau bertahan sampai 100 has…
Berpikir dibatasi 16384, sisa 32768 token untuk jawaban.
Pasang sesuai rekomendasi → dihitung sekali, bukan dua.
Urutan grup: [Double Chance, Total Gol, Handicap Asia]

CATATAN HASIL NYATA DARI APLIKASI INI (16 taruhan sudah selesai).
Keseluruhan: dijanjikan 75%, tembus 69%.
Per kelompok market (hanya yang minimal 4 data):
- Corner: dijanjikan 76%, tembus 80% dari 10 taruhan → sudah pas, pertahankan
- Total Gol: dijanjikan 74%, tembus 50% dari 6 taruhan → TERLALU PERCAYA DIRI — turunkan peluangmu di kelompok ini sekitar 24 poin
Jumlah data ini masih sedikit, jadi pakai sebagai penyesuaian kecil, bukan aturan mati. Jangan mengubah pembacaanmu atas statistik di gambar hanya supaya cocok dengan catatan ini.
Mode khusus 54% vs corner umum 54% — sepadan, tidak dibagi dua kali.
Prompt menegaskan babak pertama, dan menyuruh mengaku kalau datanya tidak ada.
Corner 5,4-4,6 → Over 9.5 50%.

Tanpa odds : 84% · minimal 1.19
Odds 1,70  : 84% · minimal 1.19 · +43%
Odds 1,10  : 84% · minimal 1.19 · -8%

Screenshot biasa dibiarkan utuh; hanya long capture yang dipotong.

Corner babak 1 2.8 + 2.4 → Over 4.5 57%, Under 4.5 43%.

Model kasih 1 market → layar dapat 51, 8 grup lengkap.
Balasan tanpa JSON ditolak dengan pesan, bukan diam-diam dianggap kosong.
  tinggi  2600 →  1 potong, tertinggi 2600 px
  tinggi  4000 →  3 potong, tertinggi 1600 px
  tinggi  8000 →  6 potong, tertinggi 1600 px
  tinggi 20000 → 10 potong, tertinggi 2120 px
  tinggi 45000 → 10 potong, tertinggi 4620 px
Dua alasan keraguan terbaca dan siap ditampilkan: [rata-rata cuma dari 4 laga, angka dikumpulkan melawan tim promosi]

Rekomendasi 'Over 1.5' meleset, pasangan 'Double Chance 1X' tembus — dua-duanya tercatat terpisah.

12 hasil  → ±22 poin (belum cukup)
120 hasil → ±7 poin (cukup)
97% (odds di bawah 1,04) diganti jadi 84%.
Model bilang 62% menang → grid disetel ke 2.16/1.08, bacanya 62%.

Over 1.5 84% (+1%) vs BTTS 70% (+19%) → dipilih BTTS, bukan yang peluangnya tertinggi.

Penyaring model: 5 dipertahankan, 8 disembunyikan.
Daftar aman: [DC, Over 1.5, BTTS] — tertinggi di atas, yang di luar rentang dibuang.
Paling aman  : tembus 59%, bayaran wajar 1.69
Bayaran naik : tembus 34%, bayaran wajar 2.92

57% diganti jadi 'Double Chance 1X' 81% — dan dikabari ke pengguna.
Boleh menalar soal piala dan jurang kekuatan; dilarang mengarang peringkat FIFA.
Lima aturan penalaran ada di instruksi yang benar-benar dikirim.
Kalau tidak ada yang masuk rentang, tidak dipaksakan — layar bilang apa adanya.
Tiga leg 84%: di odds 1,30 harapan 130%, di odds 1,12 harapan 83%.
Angka aplikasi tidak berubah — harganya yang menentukan.

Tiga format simpanan lama terbaca semua — catatanmu tidak hilang.
5-0 pun belum disimpulkan: "Baru 5 laga yang bisa dibandingkan (5-0). Terlalu sedikit un…"

11 dari 12: nyata 92%, dijanjikan 78%, sejatinya antara 65% dan 99% (±17 poin)
Vonis: Baru 12 hasil. Terlalu sedikit untuk menyimpulkan apa pun — beruntung dan pintar terlihat sama di jumlah segini.
Satu laga ditandai 3 market → 3 bukti kalibrasi, tapi tetap 1 laga.

Default sekarang 'gemini-flash-latest' — alias, tidak bisa pensiun.

Skema mencakup 21 field, 16 di antaranya wajib.

54 fungsi publik diperiksa — tak satu pun menyerahkan data laga tanpa diawasi Compose.

6 leg @75%: tembus semua 18% (1 dari 6)
   diperkirakan tembus 4.5 dari 6
   bayaran wajar 5.62
   imbal hasil harapan 70%
Aturan keras ada: geser minimal 8 poin, batal kalau turun di bawah 55%.

3 slip selesai, 1 tembus — dipecah per jumlah leg, bukan per market.
4 slip 0 tembus pun belum disimpulkan — parlay jarang tembus, itu wajar.

Satu laga: rekomendasi meleset, pilihan sendiri tembus — keduanya tercatat.

Tes model: 2048 token — cukup untuk berpikir lalu menjawab.
Peluang mustahil dibuang, bukan ditampilkan.
Hanya laga yang dua-duanya tercatat DAN pilihannya beda yang dibandingkan.
Urutan model: [gemini-3-flash, gemini-2.5-pro, gemini-2.0-flash-lite, gemini-exp-1206]
Handicap Asia dan Eropa dengan nama sama tetap dua baris terpisah.
Angka model dipertahankan (42%), hitungan cuma mengisi yang kosong.
Rp 200,000 dipasang, kembali Rp 182,250 — slip tanpa nominal tidak diikutkan.

5 dari 5 laga → 78%, bukan 100%
8 dari 10 laga → 71%, bukan 80%
3 dari 4 laga → 63%, bukan 75%
Kalau semua harga di bawah minimal, tidak ada yang ditukar — bukan asal ganti.
Tidak ada teks yang menyisipkan %% lalu memanggil format() — pola yang bikin crash.

3 leg aman    : tembus 72.1%, harapan 83.9%
3 leg berisiko: tembus 17.2%, harapan 83.9%
=> peluang beda jauh, harapan identik.
]]></system-out>
  <system-err><![CDATA[]]></system-err>
</testsuite>
